\BOOKMARK [1][-]{section.1}{\376\377\176\352\213\272}{}% 1
\BOOKMARK [2][-]{subsection.1.1}{\376\377\170\024\172\166\200\314\146\157\116\016\141\017\116\111}{section.1}% 2
\BOOKMARK [2][-]{subsection.1.2}{\376\377\126\375\121\205\131\026\170\024\172\166\163\260\162\266}{section.1}% 3
\BOOKMARK [3][-]{subsubsection.1.2.1}{\376\377\127\372\116\216\211\343\147\220\152\041\127\213\166\204\126\333\215\263\143\247\122\066\145\271\154\325}{subsection.1.2}% 4
\BOOKMARK [3][-]{subsubsection.1.2.2}{\376\377\127\372\116\216\137\072\123\026\133\146\116\140\166\204\126\333\215\263\143\247\122\066\145\271\154\325}{subsection.1.2}% 5
\BOOKMARK [3][-]{subsubsection.1.2.3}{\376\377\126\375\121\205\170\024\172\166\217\333\134\125}{subsection.1.2}% 6
\BOOKMARK [2][-]{subsection.1.3}{\376\377\170\024\172\166\166\356\150\007\116\016\116\073\211\201\215\041\163\056}{section.1}% 7
\BOOKMARK [2][-]{subsection.1.4}{\376\377\170\024\172\166\225\356\230\230\133\232\116\111\116\016\142\200\147\057\215\357\176\277}{section.1}% 8
\BOOKMARK [2][-]{subsection.1.5}{\376\377\147\054\145\207\176\304\176\307\176\323\147\204}{section.1}% 9
\BOOKMARK [2][-]{subsection.1.6}{\376\377\147\054\172\340\134\017\176\323}{section.1}% 10
\BOOKMARK [1][-]{section.2}{\376\377\166\370\121\163\164\006\213\272\116\016\142\200\147\057\127\372\170\100}{}% 11
\BOOKMARK [2][-]{subsection.2.1}{\376\377\126\333\215\263\147\072\126\150\116\272\127\120\150\007\174\373\116\016\217\320\122\250\133\146}{section.2}% 12
\BOOKMARK [3][-]{subsubsection.2.1.1}{\376\377\127\120\150\007\174\373\136\372\172\313\116\016\237\120\153\041\123\330\143\142}{subsection.2.1}% 13
\BOOKMARK [3][-]{subsubsection.2.1.2}{\376\377\153\143\217\320\122\250\133\146\122\006\147\220}{subsection.2.1}% 14
\BOOKMARK [3][-]{subsubsection.2.1.3}{\376\377\226\305\123\357\153\324\167\351\226\065\213\241\173\227}{subsection.2.1}% 15
\BOOKMARK [3][-]{subsubsection.2.1.4}{\376\377\220\006\217\320\122\250\133\146\122\006\147\220}{subsection.2.1}% 16
\BOOKMARK [3][-]{subsubsection.2.1.5}{\376\377\122\250\122\233\133\146\145\271\172\013}{subsection.2.1}% 17
\BOOKMARK [2][-]{subsection.2.2}{\376\377\121\170\127\213\153\145\140\001\116\016\202\202\137\213}{section.2}% 18
\BOOKMARK [3][-]{subsubsection.2.2.1}{\376\377\153\145\140\001\166\370\117\115\116\016\123\140\172\172\153\324}{subsection.2.2}% 19
\BOOKMARK [3][-]{subsubsection.2.2.2}{\376\377\000t\000r\000o\000t\000\040\153\145\140\001\166\204\162\151\164\006\162\171\140\047}{subsection.2.2}% 20
\BOOKMARK [3][-]{subsubsection.2.2.3}{\376\377\131\032\153\145\140\001\122\007\143\142\116\016\220\037\136\246\201\352\220\002\136\224}{subsection.2.2}% 21
\BOOKMARK [2][-]{subsection.2.3}{\376\377\232\154\134\024\123\357\131\053\121\263\173\126\217\307\172\013}{section.2}% 22
\BOOKMARK [3][-]{subsubsection.2.3.1}{\376\377\127\372\147\054\133\232\116\111}{subsection.2.3}% 23
\BOOKMARK [3][-]{subsubsection.2.3.2}{\376\377\000M\000D\000P\000\040\127\050\126\333\215\263\147\072\126\150\116\272\143\247\122\066\116\055\166\204\133\236\117\213\123\026}{subsection.2.3}% 24
\BOOKMARK [3][-]{subsubsection.2.3.3}{\376\377\220\350\122\006\123\357\211\302\232\154\134\024\123\357\131\053\121\263\173\126\217\307\172\013}{subsection.2.3}% 25
\BOOKMARK [2][-]{subsection.2.4}{\376\377\173\126\165\145\150\257\136\246\116\016\000\040\000P\000P\000O\000\040\143\250\133\374}{section.2}% 26
\BOOKMARK [3][-]{subsubsection.2.4.1}{\376\377\173\126\165\145\150\257\136\246\133\232\164\006}{subsection.2.4}% 27
\BOOKMARK [3][-]{subsubsection.2.4.2}{\376\377\136\177\116\111\117\030\122\277\117\060\213\241}{subsection.2.4}% 28
\BOOKMARK [3][-]{subsubsection.2.4.3}{\376\377\116\316\000\040\000T\000R\000P\000O\000\040\122\060\000\040\000P\000P\000O}{subsection.2.4}% 29
\BOOKMARK [3][-]{subsubsection.2.4.4}{\376\377\000P\000P\000O\000\040\133\214\145\164\166\356\150\007\121\375\145\160}{subsection.2.4}% 30
\BOOKMARK [2][-]{subsection.2.5}{\376\377\000A\000c\000t\000o\000r\000-\000C\000r\000i\000t\000i\000c\000\040\177\121\176\334\147\266\147\204}{section.2}% 31
\BOOKMARK [3][-]{subsubsection.2.5.1}{\376\377\127\372\147\054\176\323\147\204}{subsection.2.5}% 32
\BOOKMARK [3][-]{subsubsection.2.5.2}{\376\377\227\136\133\371\171\360\000\040\000A\000c\000t\000o\000r\000-\000C\000r\000i\000t\000i\000c}{subsection.2.5}% 33
\BOOKMARK [3][-]{subsubsection.2.5.3}{\376\377\122\035\131\313\123\026\116\016\213\255\176\303\142\200\135\347}{subsection.2.5}% 34
\BOOKMARK [2][-]{subsection.2.6}{\376\377\000H\000I\000M\000L\000o\000c\000o\000\040\150\106\147\266\116\016\121\205\220\350\152\041\127\213}{section.2}% 35
\BOOKMARK [3][-]{subsubsection.2.6.1}{\376\377\213\276\213\241\122\250\147\072}{subsection.2.6}% 36
\BOOKMARK [3][-]{subsubsection.2.6.2}{\376\377\146\076\137\017\116\016\226\220\137\017\122\006\221\317}{subsection.2.6}% 37
\BOOKMARK [3][-]{subsubsection.2.6.3}{\376\377\210\150\137\201\215\050\221\317\123\357\211\306\123\026}{subsection.2.6}% 38
\BOOKMARK [2][-]{subsection.2.7}{\376\377\126\333\215\263\147\072\126\150\116\272\145\340\152\041\127\213\137\072\123\026\133\146\116\140\163\257\130\203}{section.2}% 39
\BOOKMARK [3][-]{subsubsection.2.7.1}{\376\377\136\166\210\114\116\377\167\037\136\163\123\360}{subsection.2.7}% 40
\BOOKMARK [3][-]{subsubsection.2.7.2}{\376\377\211\302\155\113\147\204\220\040}{subsection.2.7}% 41
\BOOKMARK [3][-]{subsubsection.2.7.3}{\376\377\122\250\117\134\116\016\143\247\122\066\126\150}{subsection.2.7}% 42
\BOOKMARK [3][-]{subsubsection.2.7.4}{\376\377\176\310\153\142\147\141\116\366}{subsection.2.7}% 43
\BOOKMARK [2][-]{subsection.2.8}{\376\377\173\126\165\145\152\041\127\213\116\016\147\054\117\123\141\037\167\345\217\223\121\145}{section.2}% 44
\BOOKMARK [3][-]{subsubsection.2.8.1}{\376\377\133\214\145\164\173\126\165\145\137\142\137\017}{subsection.2.8}% 45
\BOOKMARK [3][-]{subsubsection.2.8.2}{\376\377\147\054\117\123\141\037\167\345\117\341\123\367\162\171\140\047}{subsection.2.8}% 46
\BOOKMARK [2][-]{subsection.2.9}{\376\377\000S\000i\000m\0002\000R\000e\000a\000l\000\040\217\301\171\373\142\200\147\057}{section.2}% 47
\BOOKMARK [3][-]{subsubsection.2.9.1}{\376\377\000S\000i\000m\0002\000R\000e\000a\000l\000\040\236\077\154\237\147\145\156\220}{subsection.2.9}% 48
\BOOKMARK [3][-]{subsubsection.2.9.2}{\376\377\127\337\226\217\147\072\123\026}{subsection.2.9}% 49
\BOOKMARK [3][-]{subsubsection.2.9.3}{\376\377\127\050\176\277\201\352\220\002\136\224\116\016\227\136\133\371\171\360\000\040\000A\000c\000t\000o\000r\000-\000C\000r\000i\000t\000i\000c}{subsection.2.9}% 50
\BOOKMARK [2][-]{subsection.2.10}{\376\377\131\032\166\356\150\007\131\126\122\261\116\016\126\372\133\232\147\103\221\315\166\204\134\100\226\120}{section.2}% 51
\BOOKMARK [3][-]{subsubsection.2.10.1}{\376\377\121\170\127\213\131\126\122\261\230\171\147\204\142\020}{subsection.2.10}% 52
\BOOKMARK [3][-]{subsubsection.2.10.2}{\376\377\126\372\133\232\147\103\221\315\166\204\131\051\161\066\177\072\226\167}{subsection.2.10}% 53
\BOOKMARK [3][-]{subsubsection.2.10.3}{\376\377\131\032\166\356\150\007\117\030\123\026\211\306\211\322\116\013\166\204\211\343\221\312}{subsection.2.10}% 54
\BOOKMARK [2][-]{subsection.2.11}{\376\377\164\006\213\272\127\372\170\100\210\145\121\105\377\032\116\316\147\072\147\204\176\246\147\137\122\060\173\126\165\145\146\364\145\260}{section.2}% 55
\BOOKMARK [3][-]{subsubsection.2.11.1}{\376\377\153\143\220\006\217\320\122\250\133\146\116\016\122\250\117\134\172\172\225\364\166\204\121\163\174\373}{subsection.2.11}% 56
\BOOKMARK [3][-]{subsubsection.2.11.2}{\376\377\000t\000r\000o\000t\000\040\153\145\140\001\116\016\143\245\211\346\145\366\136\217\176\246\147\137}{subsection.2.11}% 57
\BOOKMARK [3][-]{subsubsection.2.11.3}{\376\377\116\316\000\040\000M\000D\000P\000\040\122\060\000\040\000P\000O\000M\000D\000P\000\040\166\204\136\372\152\041\217\154\143\142}{subsection.2.11}% 58
\BOOKMARK [3][-]{subsubsection.2.11.4}{\376\377\000P\000P\000O\000\040\142\052\145\255\166\356\150\007\166\204\122\006\153\265\164\006\211\343}{subsection.2.11}% 59
\BOOKMARK [3][-]{subsubsection.2.11.5}{\376\377\000A\000c\000t\000o\000r\000-\000C\000r\000i\000t\000i\000c\000\040\177\121\176\334\166\204\217\223\121\145\217\223\121\372\176\364\136\246}{subsection.2.11}% 60
\BOOKMARK [2][-]{subsection.2.12}{\376\377\147\054\172\340\134\017\176\323}{section.2}% 61
\BOOKMARK [1][-]{section.3}{\376\377\127\372\116\216\147\054\117\123\141\037\167\345\166\204\201\352\220\002\136\224\131\126\122\261\214\003\136\246\145\271\154\325}{}% 62
\BOOKMARK [2][-]{subsection.3.1}{\376\377\145\271\154\325\140\073\117\123\150\106\147\266}{section.3}% 63
\BOOKMARK [3][-]{subsubsection.3.1.1}{\376\377\122\250\147\072\126\336\230\176}{subsection.3.1}% 64
\BOOKMARK [3][-]{subsubsection.3.1.2}{\376\377\145\271\154\325\173\241\176\277}{subsection.3.1}% 65
\BOOKMARK [3][-]{subsubsection.3.1.3}{\376\377\213\276\213\241\123\237\122\031}{subsection.3.1}% 66
\BOOKMARK [2][-]{subsection.3.2}{\376\377\127\060\137\142\226\276\136\246\117\060\213\241}{section.3}% 67
\BOOKMARK [3][-]{subsubsection.3.2.1}{\376\377\226\276\136\246\162\171\137\201\133\232\116\111}{subsection.3.2}% 68
\BOOKMARK [3][-]{subsubsection.3.2.2}{\376\377\162\171\137\201\137\122\116\000\123\026}{subsection.3.2}% 69
\BOOKMARK [3][-]{subsubsection.3.2.3}{\376\377\226\276\136\246\122\006\145\160\124\010\142\020\116\016\136\163\156\321}{subsection.3.2}% 70
\BOOKMARK [2][-]{subsection.3.3}{\376\377\131\126\122\261\147\103\221\315\122\250\140\001\146\040\134\004}{section.3}% 71
\BOOKMARK [3][-]{subsubsection.3.3.1}{\376\377\176\246\147\137\127\213\146\040\134\004\121\375\145\160}{subsection.3.3}% 72
\BOOKMARK [3][-]{subsubsection.3.3.2}{\376\377\136\163\156\321\116\016\123\330\123\026\163\207\210\301\122\152}{subsection.3.3}% 73
\BOOKMARK [3][-]{subsubsection.3.3.3}{\376\377\147\103\221\315\217\150\217\371\171\072\117\213}{subsection.3.3}% 74
\BOOKMARK [2][-]{subsection.3.4}{\376\377\213\255\176\303\116\016\143\250\164\006\217\307\172\013}{section.3}% 75
\BOOKMARK [3][-]{subsubsection.3.4.1}{\376\377\213\255\176\303\155\101\172\013}{subsection.3.4}% 76
\BOOKMARK [3][-]{subsubsection.3.4.2}{\376\377\143\250\164\006\155\101\172\013}{subsection.3.4}% 77
\BOOKMARK [2][-]{subsection.3.5}{\376\377\220\037\136\246\000-\127\060\137\142\123\314\213\376\172\013\207\215\124\010\145\271\154\325}{section.3}% 78
\BOOKMARK [3][-]{subsubsection.3.5.1}{\376\377\123\314\213\376\172\013\122\250\147\072}{subsection.3.5}% 79
\BOOKMARK [3][-]{subsubsection.3.5.2}{\376\377\123\314\213\376\172\013\123\107\226\115\176\247\211\304\122\031}{subsection.3.5}% 80
\BOOKMARK [2][-]{subsection.3.6}{\376\377\136\163\127\146\127\060\137\142\116\013\166\204\217\320\122\250\143\247\122\066\116\373\122\241}{section.3}% 81
\BOOKMARK [3][-]{subsubsection.3.6.1}{\376\377\116\373\122\241\133\232\116\111}{subsection.3.6}% 82
\BOOKMARK [3][-]{subsubsection.3.6.2}{\376\377\136\163\127\146\127\060\137\142\131\126\122\261\121\375\145\160}{subsection.3.6}% 83
\BOOKMARK [3][-]{subsubsection.3.6.3}{\376\377\136\163\127\146\127\060\137\142\117\134\116\072\127\372\176\277\122\044\143\156}{subsection.3.6}% 84
\BOOKMARK [3][-]{subsubsection.3.6.4}{\376\377\136\163\127\146\127\060\137\142\116\373\122\241\166\204\226\066\153\265\123\026\213\255\176\303}{subsection.3.6}% 85
\BOOKMARK [3][-]{subsubsection.3.6.5}{\376\377\136\163\127\146\127\060\137\142\116\016\131\015\147\102\127\060\137\142\166\204\131\126\122\261\135\356\137\002}{subsection.3.6}% 86
\BOOKMARK [2][-]{subsection.3.7}{\376\377\131\015\147\102\136\246\116\016\172\063\133\232\140\047\122\006\147\220}{section.3}% 87
\BOOKMARK [3][-]{subsubsection.3.7.1}{\376\377\213\241\173\227\131\015\147\102\136\246}{subsection.3.7}% 88
\BOOKMARK [3][-]{subsubsection.3.7.2}{\376\377\172\063\133\232\140\047\122\006\147\220}{subsection.3.7}% 89
\BOOKMARK [3][-]{subsubsection.3.7.3}{\376\377\137\002\136\070\117\335\142\244\116\016\126\336\220\000\147\072\122\066}{subsection.3.7}% 90
\BOOKMARK [2][-]{subsection.3.8}{\376\377\123\302\145\160\213\276\177\156\116\016\135\345\172\013\133\236\163\260\176\306\202\202}{section.3}% 91
\BOOKMARK [3][-]{subsubsection.3.8.1}{\376\377\123\302\145\160\143\250\203\120\203\003\126\364}{subsection.3.8}% 92
\BOOKMARK [3][-]{subsubsection.3.8.2}{\376\377\135\345\172\013\133\236\163\260\154\350\141\017\116\213\230\171}{subsection.3.8}% 93
\BOOKMARK [2][-]{subsection.3.9}{\376\377\147\054\172\340\134\017\176\323}{section.3}% 94
\BOOKMARK [1][-]{section.4}{\376\377\133\236\232\214\213\276\213\241\116\016\213\304\155\113\145\271\150\110}{}% 95
\BOOKMARK [2][-]{subsection.4.1}{\376\377\116\377\167\037\136\163\123\360\116\016\213\255\176\303\221\115\177\156}{section.4}% 96
\BOOKMARK [3][-]{subsubsection.4.1.1}{\376\377\116\377\167\037\136\163\123\360}{subsection.4.1}% 97
\BOOKMARK [3][-]{subsubsection.4.1.2}{\376\377\170\154\116\366\116\016\217\157\116\366\162\110\147\054}{subsection.4.1}% 98
\BOOKMARK [3][-]{subsubsection.4.1.3}{\376\377\117\030\123\026\126\150\116\016\213\255\176\303\215\205\123\302\145\160}{subsection.4.1}% 99
\BOOKMARK [2][-]{subsection.4.2}{\376\377\133\371\153\324\176\304\213\276\177\156}{section.4}% 100
\BOOKMARK [3][-]{subsubsection.4.2.1}{\376\377\127\372\176\277\145\271\154\325}{subsection.4.2}% 101
\BOOKMARK [3][-]{subsubsection.4.2.2}{\376\377\155\210\207\215\176\304}{subsection.4.2}% 102
\BOOKMARK [2][-]{subsection.4.3}{\376\377\213\304\116\367\143\007\150\007}{section.4}% 103
\BOOKMARK [3][-]{subsubsection.4.3.1}{\376\377\116\073\143\007\150\007}{subsection.4.3}% 104
\BOOKMARK [3][-]{subsubsection.4.3.2}{\376\377\176\374\124\010\143\007\150\007}{subsection.4.3}% 105
\BOOKMARK [2][-]{subsection.4.4}{\376\377\155\113\213\325\127\072\146\157}{section.4}% 106
\BOOKMARK [2][-]{subsection.4.5}{\376\377\133\236\232\214\155\101\172\013\116\016\176\337\213\241\145\271\154\325}{section.4}% 107
\BOOKMARK [3][-]{subsubsection.4.5.1}{\376\377\213\304\155\113\123\117\213\256}{subsection.4.5}% 108
\BOOKMARK [3][-]{subsubsection.4.5.2}{\376\377\146\076\204\127\140\047\150\300\232\214}{subsection.4.5}% 109
\BOOKMARK [3][-]{subsubsection.4.5.3}{\376\377\131\015\163\260\213\364\146\016}{subsection.4.5}% 110
\BOOKMARK [2][-]{subsection.4.6}{\376\377\147\054\172\340\134\017\176\323}{section.4}% 111
\BOOKMARK [1][-]{section.5}{\376\377\176\323\147\234\116\016\122\006\147\220}{}% 112
\BOOKMARK [2][-]{subsection.5.1}{\376\377\140\073\117\123\140\047\200\375\133\371\153\324}{section.5}% 113
\BOOKMARK [3][-]{subsubsection.5.1.1}{\376\377\176\374\124\010\137\227\122\006\116\016\226\367\217\276\126\376}{subsection.5.1}% 114
\BOOKMARK [3][-]{subsubsection.5.1.2}{\376\377\116\073\143\007\150\007\136\163\127\107}{subsection.5.1}% 115
\BOOKMARK [2][-]{subsection.5.2}{\376\377\122\006\127\072\146\157\176\323\147\234\122\126\147\220}{section.5}% 116
\BOOKMARK [3][-]{subsubsection.5.2.1}{\376\377\000L\0001\377\032\136\163\127\146\127\060\137\142}{subsection.5.2}% 117
\BOOKMARK [3][-]{subsubsection.5.2.2}{\376\377\000L\0002\377\032\226\217\147\072\174\227\174\331\127\060\137\142}{subsection.5.2}% 118
\BOOKMARK [3][-]{subsubsection.5.2.3}{\376\377\000L\0003\377\032\217\336\176\355\145\234\127\141}{subsection.5.2}% 119
\BOOKMARK [3][-]{subsubsection.5.2.4}{\376\377\000L\0004\377\032\123\360\226\066\127\060\137\142}{subsection.5.2}% 120
\BOOKMARK [3][-]{subsubsection.5.2.5}{\376\377\000L\0005\377\032\155\367\124\010\142\160\122\250\127\060\137\142}{subsection.5.2}% 121
\BOOKMARK [2][-]{subsection.5.3}{\376\377\155\210\207\215\133\236\232\214}{section.5}% 122
\BOOKMARK [3][-]{subsubsection.5.3.1}{\376\377\124\004\176\304\116\366\215\041\163\056\122\006\211\343}{subsection.5.3}% 123
\BOOKMARK [3][-]{subsubsection.5.3.2}{\376\377\136\163\156\321\174\373\145\160\116\016\210\301\122\152\163\207\145\117\141\037\140\047}{subsection.5.3}% 124
\BOOKMARK [2][-]{subsection.5.4}{\376\377\213\255\176\303\122\250\122\233\133\146}{section.5}% 125
\BOOKMARK [3][-]{subsubsection.5.4.1}{\376\377\213\255\176\303\146\362\176\277\133\371\153\324}{subsection.5.4}% 126
\BOOKMARK [3][-]{subsubsection.5.4.2}{\376\377\226\276\136\246\122\006\145\160\116\016\147\103\221\315\127\050\176\277\210\114\116\072}{subsection.5.4}% 127
\BOOKMARK [3][-]{subsubsection.5.4.3}{\376\377\210\150\137\201\172\172\225\364\123\357\211\306\123\026}{subsection.5.4}% 128
\BOOKMARK [2][-]{subsection.5.5}{\376\377\131\061\215\045\150\110\117\213\116\016\123\357\211\343\221\312\140\047}{section.5}% 129
\BOOKMARK [3][-]{subsubsection.5.5.1}{\376\377\121\170\127\213\131\061\215\045\152\041\137\017}{subsection.5.5}% 130
\BOOKMARK [3][-]{subsubsection.5.5.2}{\376\377\145\071\217\333\145\271\124\021}{subsection.5.5}% 131
\BOOKMARK [2][-]{subsection.5.6}{\376\377\176\374\124\010\213\250\213\272}{section.5}% 132
\BOOKMARK [3][-]{subsubsection.5.6.1}{\376\377\145\271\154\325\117\030\122\277}{subsection.5.6}% 133
\BOOKMARK [3][-]{subsubsection.5.6.2}{\376\377\145\271\154\325\134\100\226\120}{subsection.5.6}% 134
\BOOKMARK [3][-]{subsubsection.5.6.3}{\376\377\135\345\172\013\141\017\116\111}{subsection.5.6}% 135
\BOOKMARK [2][-]{subsection.5.7}{\376\377\147\054\172\340\134\017\176\323}{section.5}% 136
\BOOKMARK [1][-]{section.6}{\376\377\176\323\213\272\116\016\134\125\147\033}{}% 137
\BOOKMARK [2][-]{subsection.6.1}{\376\377\135\345\117\134\140\073\176\323}{section.6}% 138
\BOOKMARK [2][-]{subsection.6.2}{\376\377\145\271\154\325\134\100\226\120}{section.6}% 139
\BOOKMARK [2][-]{subsection.6.3}{\376\377\147\052\147\145\135\345\117\134}{section.6}% 140
\BOOKMARK [3][-]{subsubsection.6.3.1}{\376\377\131\032\152\041\140\001\226\276\136\246\117\060\213\241}{subsection.6.3}% 141
\BOOKMARK [3][-]{subsubsection.6.3.2}{\376\377\121\103\133\146\116\140\116\016\201\352\122\250\214\003\136\246\123\302\145\160}{subsection.6.3}% 142
\BOOKMARK [3][-]{subsubsection.6.3.3}{\376\377\167\037\133\236\170\154\116\366\220\350\177\162}{subsection.6.3}% 143
\BOOKMARK [3][-]{subsubsection.6.3.4}{\376\377\142\151\134\125\122\060\123\314\215\263\000/\116\272\137\142\147\072\126\150\116\272}{subsection.6.3}% 144
\BOOKMARK [2][-]{subsection.6.4}{\376\377\136\224\165\050\127\072\146\157\116\016\204\075\127\060\136\372\213\256}{section.6}% 145
\BOOKMARK [2][-]{subsection.6.5}{\376\377\230\316\226\151\213\304\117\060\116\016\117\046\164\006\217\271\165\114}{section.6}% 146
\BOOKMARK [2][-]{subsection.6.6}{\376\377\000S\000i\000m\0002\000R\000e\000a\000l\000\040\217\301\171\373\116\016\170\154\116\366\220\350\177\162\213\250\213\272}{section.6}% 147
\BOOKMARK [3][-]{subsubsection.6.6.1}{\376\377\000S\000i\000m\0002\000R\000e\000a\000l\000\040\217\301\171\373\166\204\121\163\225\056\143\021\142\030}{subsection.6.6}% 148
\BOOKMARK [3][-]{subsubsection.6.6.2}{\376\377\217\321\167\037\133\236\163\257\130\203\147\204\220\040}{subsection.6.6}% 149
\BOOKMARK [3][-]{subsubsection.6.6.3}{\376\377\170\154\116\366\220\350\177\162\147\266\147\204}{subsection.6.6}% 150
\BOOKMARK [3][-]{subsubsection.6.6.4}{\376\377\167\037\133\236\220\350\177\162\230\204\147\037\116\016\230\316\226\151}{subsection.6.6}% 151
\BOOKMARK [3][-]{subsubsection.6.6.5}{\376\377\147\054\172\340\134\017\176\323}{subsection.6.6}% 152
\BOOKMARK [2][-]{subsection.6.7}{\376\377\142\151\134\125\213\250\213\272\116\016\145\271\154\325\133\146\123\315\140\035}{section.6}% 153
\BOOKMARK [3][-]{subsubsection.6.7.1}{\376\377\116\016\163\260\147\011\131\126\122\261\135\345\172\013\145\271\154\325\166\204\121\163\174\373}{subsection.6.7}% 154
\BOOKMARK [3][-]{subsubsection.6.7.2}{\376\377\145\271\154\325\133\146\123\315\140\035}{subsection.6.7}% 155
\BOOKMARK [3][-]{subsubsection.6.7.3}{\376\377\133\371\126\333\215\263\147\072\126\150\116\272\000\040\000R\000L\000\040\170\024\172\166\166\204\124\057\171\072}{subsection.6.7}% 156
\BOOKMARK [3][-]{subsubsection.6.7.4}{\376\377\133\371\166\370\220\273\230\206\127\337\166\204\157\134\127\050\217\301\171\373}{subsection.6.7}% 157
\BOOKMARK [3][-]{subsubsection.6.7.5}{\376\377\116\016\116\272\174\173\217\320\122\250\143\247\122\066\166\204\174\173\153\324}{subsection.6.7}% 158
\BOOKMARK [3][-]{subsubsection.6.7.6}{\376\377\170\024\172\166\145\271\154\325\213\272\140\073\176\323}{subsection.6.7}% 159
\BOOKMARK [3][-]{subsubsection.6.7.7}{\376\377\147\054\172\340\134\017\176\323}{subsection.6.7}% 160
\BOOKMARK [2][-]{subsection.6.8}{\376\377\210\145\121\105\133\236\232\214\116\016\142\151\134\125\122\006\147\220}{section.6}% 161
\BOOKMARK [3][-]{subsubsection.6.8.1}{\376\377\150\067\147\054\145\110\163\207\116\016\213\255\176\303\142\020\147\054}{subsection.6.8}% 162
\BOOKMARK [3][-]{subsubsection.6.8.2}{\376\377\131\126\122\261\176\304\116\366\166\370\121\163\140\047}{subsection.6.8}% 163
\BOOKMARK [3][-]{subsubsection.6.8.3}{\376\377\215\350\147\072\126\150\116\272\217\301\171\373\155\113\213\325}{subsection.6.8}% 164
\BOOKMARK [3][-]{subsubsection.6.8.4}{\376\377\225\177\172\013\172\063\133\232\140\047\155\113\213\325}{subsection.6.8}% 165
\BOOKMARK [3][-]{subsubsection.6.8.5}{\376\377\131\032\220\037\136\246\150\143\117\115\153\324\217\203}{subsection.6.8}% 166
\BOOKMARK [2][-]{subsection.6.9}{\376\377\145\271\154\325\135\345\172\013\133\236\163\260\176\306\202\202\116\016\117\052\116\343\170\001}{section.6}% 167
\BOOKMARK [3][-]{subsubsection.6.9.1}{\376\377\116\343\170\001\176\304\176\307}{subsection.6.9}% 168
\BOOKMARK [3][-]{subsubsection.6.9.2}{\376\377\150\070\137\303\145\160\143\156\176\323\147\204}{subsection.6.9}% 169
\BOOKMARK [3][-]{subsubsection.6.9.3}{\376\377\213\255\176\303\137\252\163\257\121\163\225\056\117\356\145\071}{subsection.6.9}% 170
\BOOKMARK [3][-]{subsubsection.6.9.4}{\376\377\145\345\137\327\116\016\123\357\211\306\123\026\135\345\121\167}{subsection.6.9}% 171
\BOOKMARK [3][-]{subsubsection.6.9.5}{\376\377\136\070\211\301\214\003\213\325\176\317\232\214}{subsection.6.9}% 172
\BOOKMARK [2][-]{subsection.6.10}{\376\377\166\370\121\163\145\207\163\056\176\374\217\360\210\145\121\105}{section.6}% 173
\BOOKMARK [3][-]{subsubsection.6.10.1}{\376\377\131\126\122\261\135\345\172\013\127\050\147\072\126\150\116\272\143\247\122\066\116\055\166\204\157\024\217\333}{subsection.6.10}% 174
\BOOKMARK [3][-]{subsubsection.6.10.2}{\376\377\213\376\172\013\133\146\116\140\166\204\134\102\153\041}{subsection.6.10}% 175
\BOOKMARK [3][-]{subsubsection.6.10.3}{\376\377\000S\000i\000m\0002\000R\000e\000a\000l\000\040\116\055\166\204\234\201\150\322\140\047\142\200\147\057}{subsection.6.10}% 176
\BOOKMARK [3][-]{subsubsection.6.10.4}{\376\377\131\032\166\356\150\007\000\040\000R\000L\000\040\116\016\120\117\131\175\124\021\221\317}{subsection.6.10}% 177
\BOOKMARK [3][-]{subsubsection.6.10.5}{\376\377\217\321\147\037\166\370\121\163\217\333\134\125\173\200\213\304}{subsection.6.10}% 178
\BOOKMARK [3][-]{subsubsection.6.10.6}{\376\377\126\375\121\205\170\024\172\166\151\202\121\265}{subsection.6.10}% 179
\BOOKMARK [2][-]{subsection.6.11}{\376\377\213\250\213\272\116\016\147\052\147\145\135\345\117\134\142\151\134\125}{section.6}% 180
\BOOKMARK [3][-]{subsubsection.6.11.1}{\376\377\116\316\131\126\122\261\214\003\136\246\122\060\116\373\122\241\214\003\136\246}{subsection.6.11}% 181
\BOOKMARK [3][-]{subsubsection.6.11.2}{\376\377\116\016\116\026\165\114\152\041\127\213\166\204\176\323\124\010}{subsection.6.11}% 182
\BOOKMARK [3][-]{subsubsection.6.11.3}{\376\377\131\032\146\172\200\375\117\123\142\151\134\125}{subsection.6.11}% 183
\BOOKMARK [3][-]{subsubsection.6.11.4}{\376\377\116\016\143\247\122\066\164\006\213\272\166\204\150\145\143\245}{subsection.6.11}% 184
\BOOKMARK [3][-]{subsubsection.6.11.5}{\376\377\137\000\156\220\116\016\171\076\123\072\137\161\124\315}{subsection.6.11}% 185
\BOOKMARK [2][-]{subsection.6.12}{\376\377\145\271\154\325\164\006\213\272\210\145\121\105\116\016\121\154\137\017\143\250\133\374}{section.6}% 186
\BOOKMARK [3][-]{subsubsection.6.12.1}{\376\377\145\366\123\330\131\126\122\261\000\040\000M\000D\000P\000\040\166\204\137\142\137\017\123\026}{subsection.6.12}% 187
\BOOKMARK [3][-]{subsubsection.6.12.2}{\376\377\131\126\122\261\147\103\221\315\166\204\147\011\165\114\140\047\213\301\146\016}{subsection.6.12}% 188
\BOOKMARK [3][-]{subsubsection.6.12.3}{\376\377\131\126\122\261\142\160\122\250\133\371\000\040\000P\000P\000O\000\040\145\066\145\133\166\204\137\161\124\315}{subsection.6.12}% 189
\BOOKMARK [3][-]{subsubsection.6.12.4}{\376\377\123\314\213\376\172\013\123\107\226\115\176\247\166\204\145\066\145\133\140\047\213\250\213\272}{subsection.6.12}% 190
\BOOKMARK [2][-]{subsection.6.13}{\376\377\133\236\232\214\176\306\202\202\142\151\134\125\116\016\230\235\131\026\123\357\211\306\123\026}{section.6}% 191
\BOOKMARK [3][-]{subsubsection.6.13.1}{\376\377\230\235\131\026\215\050\140\047\123\357\211\306\123\026}{subsection.6.13}% 192
\BOOKMARK [3][-]{subsubsection.6.13.2}{\376\377\210\145\121\105\217\320\122\250\136\217\122\027\116\000\377\032\226\234\170\215\143\245\217\321\116\016\131\377\140\001\214\003\145\164}{subsection.6.13}% 193
\BOOKMARK [3][-]{subsubsection.6.13.3}{\376\377\210\145\121\105\217\320\122\250\136\217\122\027\116\214\377\032\217\336\176\355\143\245\211\346\122\007\143\142}{subsection.6.13}% 194
\BOOKMARK [3][-]{subsubsection.6.13.4}{\376\377\210\145\121\105\143\247\122\066\146\362\176\277\116\000\377\032\147\054\117\123\162\266\140\001\221\317\145\366\136\217}{subsection.6.13}% 195
\BOOKMARK [3][-]{subsubsection.6.13.5}{\376\377\210\145\121\105\143\247\122\066\146\362\176\277\116\214\377\032\213\255\176\303\217\307\172\013\154\342\122\250}{subsection.6.13}% 196
\BOOKMARK [3][-]{subsubsection.6.13.6}{\376\377\145\271\154\325\173\241\176\277\145\207\133\127\123\026\137\122\176\263}{subsection.6.13}% 197
\BOOKMARK [3][-]{subsubsection.6.13.7}{\376\377\213\255\176\303\145\345\137\327\144\130\137\125}{subsection.6.13}% 198
\BOOKMARK [3][-]{subsubsection.6.13.8}{\376\377\155\210\207\215\126\376\154\107\140\073}{subsection.6.13}% 199
\BOOKMARK [3][-]{subsubsection.6.13.9}{\376\377\121\170\127\213\126\336\124\010\116\213\116\366\136\217\122\027}{subsection.6.13}% 200
\BOOKMARK [2][-]{subsection.6.14}{\376\377\213\304\155\113\176\323\147\234\166\204\176\337\213\241\133\146\213\250\213\272}{section.6}% 201
\BOOKMARK [3][-]{subsubsection.6.14.1}{\376\377\177\156\117\341\123\072\225\364\142\245\124\112}{subsection.6.14}% 202
\BOOKMARK [3][-]{subsubsection.6.14.2}{\376\377\145\110\136\224\221\317}{subsection.6.14}% 203
\BOOKMARK [3][-]{subsubsection.6.14.3}{\376\377\171\315\133\120\145\117\141\037\140\047}{subsection.6.14}% 204
\BOOKMARK [3][-]{subsubsection.6.14.4}{\376\377\176\337\213\241\120\107\213\276\166\204\124\010\164\006\140\047}{subsection.6.14}% 205
\BOOKMARK [2][-]{subsection.6.15}{\376\377\135\345\172\013\133\236\145\275\150\110\117\213\116\016\220\350\177\162\136\372\213\256}{section.6}% 206
\BOOKMARK [3][-]{subsubsection.6.15.1}{\376\377\150\110\117\213\116\000\377\032\133\244\121\205\136\163\123\360\162\054\151\174\150\257}{subsection.6.15}% 207
\BOOKMARK [3][-]{subsubsection.6.15.2}{\376\377\150\110\117\213\116\214\377\032\142\067\131\026\135\341\150\300}{subsection.6.15}% 208
\BOOKMARK [3][-]{subsubsection.6.15.3}{\376\377\150\110\117\213\116\011\377\032\145\121\143\364\143\242\175\042}{subsection.6.15}% 209
\BOOKMARK [3][-]{subsubsection.6.15.4}{\376\377\220\350\177\162\156\005\123\125}{subsection.6.15}% 210
\BOOKMARK [3][-]{subsubsection.6.15.5}{\376\377\136\070\211\301\213\357\123\072\116\016\226\062\203\003}{subsection.6.15}% 211
\BOOKMARK [3][-]{subsubsection.6.15.6}{\376\377\225\177\147\037\176\364\142\244\136\372\213\256}{subsection.6.15}% 212
\BOOKMARK [2][-]{subsection.6.16}{\376\377\163\257\130\203\147\204\220\040\116\016\221\115\177\156\145\207\116\366\176\306\202\202}{section.6}% 213
\BOOKMARK [3][-]{subsubsection.6.16.1}{\376\377\127\060\137\142\165\037\142\020\126\150}{subsection.6.16}% 214
\BOOKMARK [3][-]{subsubsection.6.16.2}{\376\377\124\175\116\344\122\006\136\003}{subsection.6.16}% 215
\BOOKMARK [3][-]{subsubsection.6.16.3}{\376\377\122\035\131\313\123\026\116\016\176\310\153\142\147\141\116\366}{subsection.6.16}% 216
\BOOKMARK [3][-]{subsubsection.6.16.4}{\376\377\127\337\226\217\147\072\123\026\123\302\145\160}{subsection.6.16}% 217
\BOOKMARK [2][-]{subsection.6.17}{\376\377\213\304\155\113\201\032\147\054\143\245\123\343\116\016\145\345\137\327\150\074\137\017}{section.6}% 218
\BOOKMARK [3][-]{subsubsection.6.17.1}{\376\377\213\304\155\113\201\032\147\054\214\003\165\050}{subsection.6.17}% 219
\BOOKMARK [3][-]{subsubsection.6.17.2}{\376\377\145\345\137\327\133\127\153\265}{subsection.6.17}% 220
\BOOKMARK [3][-]{subsubsection.6.17.3}{\376\377\200\132\124\010\201\032\147\054}{subsection.6.17}% 221
\BOOKMARK [3][-]{subsubsection.6.17.4}{\376\377\123\357\211\306\123\026\135\345\121\167}{subsection.6.17}% 222
\BOOKMARK [2][-]{subsection.6.18}{\376\377\137\000\230\230\142\245\124\112\116\016\213\272\145\207\116\000\201\364\140\047\213\364\146\016}{section.6}% 223
\BOOKMARK [2][-]{subsection.6.19}{\376\377\170\024\172\166\217\307\172\013\116\055\166\204\131\061\215\045\134\035\213\325\116\016\176\317\232\214\145\131\213\255}{section.6}% 224
\BOOKMARK [3][-]{subsubsection.6.19.1}{\376\377\131\061\215\045\134\035\213\325\116\000\377\032\166\364\143\245\000\040\000r\000e\000s\000h\000a\000p\000e\000\040\133\120\131\126\122\261}{subsection.6.19}% 225
\BOOKMARK [3][-]{subsubsection.6.19.2}{\376\377\131\061\215\045\134\035\213\325\116\214\377\032\127\372\116\216\000\040\000L\000S\000T\000M\000\040\166\204\226\276\136\246\117\060\213\241}{subsection.6.19}% 226
\BOOKMARK [3][-]{subsubsection.6.19.3}{\376\377\131\061\215\045\134\035\213\325\116\011\377\032\133\214\121\150\201\352\122\250\123\026\166\204\121\103\133\146\116\140\147\103\221\315}{subsection.6.19}% 227
\BOOKMARK [3][-]{subsubsection.6.19.4}{\376\377\131\061\215\045\134\035\213\325\126\333\377\032\123\273\226\144\121\205\220\350\152\041\127\213\166\204\176\257\214\003\136\246\145\271\154\325}{subsection.6.19}% 228
\BOOKMARK [3][-]{subsubsection.6.19.5}{\376\377\176\317\232\214\145\131\213\255}{subsection.6.19}% 229
\BOOKMARK [2][-]{subsection.6.20}{\376\377\147\057\213\355\133\371\161\147\116\016\177\051\165\145\213\355}{section.6}% 230
\BOOKMARK [2][-]{subsection.6.21}{\376\377\170\024\172\166\134\125\147\033\116\016\137\000\145\076\225\356\230\230}{section.6}% 231
\BOOKMARK [3][-]{subsubsection.6.21.1}{\376\377\137\000\145\076\225\356\230\230\116\000\377\032\131\126\122\261\147\103\221\315\166\204\123\357\133\146\116\140\217\271\165\114}{subsection.6.21}% 232
\BOOKMARK [3][-]{subsubsection.6.21.2}{\376\377\137\000\145\076\225\356\230\230\116\214\377\032\215\350\136\163\123\360\214\003\136\246\220\032\165\050\140\047}{subsection.6.21}% 233
\BOOKMARK [3][-]{subsubsection.6.21.3}{\376\377\137\000\145\076\225\356\230\230\116\011\377\032\225\177\172\013\210\114\116\072\166\204\131\126\122\261\214\003\136\246}{subsection.6.21}% 234
\BOOKMARK [3][-]{subsubsection.6.21.4}{\376\377\137\000\145\076\225\356\230\230\126\333\377\032\131\032\147\072\126\150\116\272\123\117\124\014\214\003\136\246}{subsection.6.21}% 235
\BOOKMARK [3][-]{subsubsection.6.21.5}{\376\377\137\000\145\076\225\356\230\230\116\224\377\032\167\037\133\236\170\154\116\366\166\204\145\160\143\156\000-\164\006\213\272\225\355\163\257}{subsection.6.21}% 236
\BOOKMARK [2][-]{subsection.6.22}{\376\377\140\073\176\323\140\047\226\110\217\360}{section.6}% 237
\BOOKMARK [3][-]{subsubsection.6.22.1}{\376\377\133\371\213\272\145\207\215\041\163\056\166\204\147\000\176\310\137\122\176\263}{subsection.6.22}% 238
\BOOKMARK [3][-]{subsubsection.6.22.2}{\376\377\170\024\172\166\203\003\137\017\166\204\123\315\140\035}{subsection.6.22}% 239
\BOOKMARK [3][-]{subsubsection.6.22.3}{\376\377\133\371\133\146\147\057\116\016\135\345\116\032\166\204\124\174\124\001}{subsection.6.22}% 240
\BOOKMARK [3][-]{subsubsection.6.22.4}{\376\377\201\364\145\154\137\000\156\220\171\076\123\072}{subsection.6.22}% 241
\BOOKMARK [1][-]{section*.80}{\376\377\201\364\214\042}{}% 242
\BOOKMARK [1][-]{appendix.A}{\376\377\173\046\123\367\213\364\146\016}{}% 243
\BOOKMARK [1][-]{appendix.B}{\376\377\133\214\145\164\213\255\176\303\215\205\123\302\145\160\210\150}{}% 244
\BOOKMARK [1][-]{appendix.C}{\376\377\214\003\136\246\126\150\117\052\116\343\170\001}{}% 245
